
*** Running vivado
    with args -log clk_wiz_0.vds -m64 -product Vivado -mode batch -messageDb vivado.pb -notrace -source clk_wiz_0.tcl


****** Vivado v2017.3 (64-bit)
  **** SW Build 2018833 on Wed Oct  4 19:58:22 MDT 2017
  **** IP Build 2016188 on Wed Oct  4 21:52:56 MDT 2017
    ** Copyright 1986-2017 Xilinx, Inc. All Rights Reserved.

source clk_wiz_0.tcl -notrace
Starting RTL Elaboration : Time (s): cpu = 00:00:10 ; elapsed = 00:00:11 . Memory (MB): peak = 340.598 ; gain = 98.520
INFO: [Synth 8-638] synthesizing module 'clk_wiz_0' [c:/Users/Matthew/Stereo/Stereo.srcs/sources_1/ip/clk_wiz_0/clk_wiz_0.v:70]
INFO: [Synth 8-638] synthesizing module 'clk_wiz_0_clk_wiz' [c:/Users/Matthew/Stereo/Stereo.srcs/sources_1/ip/clk_wiz_0/clk_wiz_0_clk_wiz.v:68]
INFO: [Synth 8-638] synthesizing module 'IBUF' [C:/Xilinx/Vivado/2017.3/scripts/rt/data/unisim_comp.v:19468]
INFO: [Synth 8-256] done synthesizing module 'IBUF' (1#1) [C:/Xilinx/Vivado/2017.3/scripts/rt/data/unisim_comp.v:19468]
INFO: [Synth 8-638] synthesizing module 'MMCME2_ADV' [C:/Xilinx/Vivado/2017.3/scripts/rt/data/unisim_comp.v:25757]
INFO: [Synth 8-256] done synthesizing module 'MMCME2_ADV' (2#1) [C:/Xilinx/Vivado/2017.3/scripts/rt/data/unisim_comp.v:25757]
INFO: [Synth 8-638] synthesizing module 'BUFG' [C:/Xilinx/Vivado/2017.3/scripts/rt/data/unisim_comp.v:607]
INFO: [Synth 8-256] done synthesizing module 'BUFG' (3#1) [C:/Xilinx/Vivado/2017.3/scripts/rt/data/unisim_comp.v:607]
INFO: [Synth 8-256] done synthesizing module 'clk_wiz_0_clk_wiz' (4#1) [c:/Users/Matthew/Stereo/Stereo.srcs/sources_1/ip/clk_wiz_0/clk_wiz_0_clk_wiz.v:68]
INFO: [Synth 8-256] done synthesizing module 'clk_wiz_0' (5#1) [c:/Users/Matthew/Stereo/Stereo.srcs/sources_1/ip/clk_wiz_0/clk_wiz_0.v:70]
Finished RTL Elaboration : Time (s): cpu = 00:00:12 ; elapsed = 00:00:13 . Memory (MB): peak = 392.324 ; gain = 150.246
Finished RTL Optimization Phase 1 : Time (s): cpu = 00:00:12 ; elapsed = 00:00:14 . Memory (MB): peak = 392.324 ; gain = 150.246
INFO: [Device 21-403] Loading part xc7a35ticpg236-1L
Constraint Validation Runtime : Time (s): cpu = 00:00:00 ; elapsed = 00:00:00.093 . Memory (MB): peak = 632.621 ; gain = 0.004
Finished Constraint Validation : Time (s): cpu = 00:00:30 ; elapsed = 00:00:38 . Memory (MB): peak = 632.621 ; gain = 390.543
Finished Loading Part and Timing Information : Time (s): cpu = 00:00:30 ; elapsed = 00:00:38 . Memory (MB): peak = 632.621 ; gain = 390.543
Finished applying 'set_property' XDC Constraints : Time (s): cpu = 00:00:30 ; elapsed = 00:00:38 . Memory (MB): peak = 632.621 ; gain = 390.543
Finished RTL Optimization Phase 2 : Time (s): cpu = 00:00:30 ; elapsed = 00:00:39 . Memory (MB): peak = 632.621 ; gain = 390.543
Finished Cross Boundary and Area Optimization : Time (s): cpu = 00:00:31 ; elapsed = 00:00:40 . Memory (MB): peak = 632.621 ; gain = 390.543
Finished Applying XDC Timing Constraints : Time (s): cpu = 00:00:48 ; elapsed = 00:00:57 . Memory (MB): peak = 690.469 ; gain = 448.391
Finished Timing Optimization : Time (s): cpu = 00:00:48 ; elapsed = 00:00:57 . Memory (MB): peak = 690.469 ; gain = 448.391
Finished Technology Mapping : Time (s): cpu = 00:00:48 ; elapsed = 00:00:57 . Memory (MB): peak = 699.992 ; gain = 457.914
Finished IO Insertion : Time (s): cpu = 00:00:50 ; elapsed = 00:00:59 . Memory (MB): peak = 699.992 ; gain = 457.914
Finished Renaming Generated Instances : Time (s): cpu = 00:00:50 ; elapsed = 00:00:59 . Memory (MB): peak = 699.992 ; gain = 457.914
Finished Rebuilding User Hierarchy : Time (s): cpu = 00:00:50 ; elapsed = 00:00:59 . Memory (MB): peak = 699.992 ; gain = 457.914
Finished Renaming Generated Ports : Time (s): cpu = 00:00:50 ; elapsed = 00:00:59 . Memory (MB): peak = 699.992 ; gain = 457.914
Finished Handling Custom Attributes : Time (s): cpu = 00:00:50 ; elapsed = 00:00:59 . Memory (MB): peak = 699.992 ; gain = 457.914
Finished Renaming Generated Nets : Time (s): cpu = 00:00:50 ; elapsed = 00:00:59 . Memory (MB): peak = 699.992 ; gain = 457.914

Report Cell Usage: 
+------+-----------+------+
|      |Cell       |Count |
+------+-----------+------+
|1     |BUFG       |     2|
|2     |MMCME2_ADV |     1|
|3     |IBUF       |     1|
+------+-----------+------+
Finished Writing Synthesis Report : Time (s): cpu = 00:00:50 ; elapsed = 00:00:59 . Memory (MB): peak = 699.992 ; gain = 457.914
synth_design: Time (s): cpu = 00:00:53 ; elapsed = 00:01:03 . Memory (MB): peak = 709.051 ; gain = 477.715
